0 info it worked if it ends with ok
1 verbose cli [ 'node', '/usr/local/bin/npm', '-g', 'install', 'supervisor' ]
2 info using npm@1.4.3
3 info using node@v0.10.26
4 verbose cache add [ 'supervisor', null ]
5 verbose cache add name=undefined spec="supervisor" args=["supervisor",null]
6 verbose parsed url { protocol: null,
6 verbose parsed url   slashes: null,
6 verbose parsed url   auth: null,
6 verbose parsed url   host: null,
6 verbose parsed url   port: null,
6 verbose parsed url   hostname: null,
6 verbose parsed url   hash: null,
6 verbose parsed url   search: null,
6 verbose parsed url   query: null,
6 verbose parsed url   pathname: 'supervisor',
6 verbose parsed url   path: 'supervisor',
6 verbose parsed url   href: 'supervisor' }
7 silly lockFile 0f4d09e4-supervisor supervisor
8 verbose lock supervisor /Users/qiudong/.npm/0f4d09e4-supervisor.lock
9 silly lockFile 0f4d09e4-supervisor supervisor
10 silly lockFile 0f4d09e4-supervisor supervisor
11 verbose addNamed [ 'supervisor', '' ]
12 verbose addNamed [ null, '*' ]
13 silly lockFile b28163ae-supervisor supervisor@
14 verbose lock supervisor@ /Users/qiudong/.npm/b28163ae-supervisor.lock
15 silly addNameRange { name: 'supervisor', range: '*', hasData: false }
16 verbose url raw supervisor
17 verbose url resolving [ 'https://registry.npmjs.org/', './supervisor' ]
18 verbose url resolved https://registry.npmjs.org/supervisor
19 info trying registry request attempt 1 at 15:54:48
20 http GET https://registry.npmjs.org/supervisor
21 http 200 https://registry.npmjs.org/supervisor
22 silly registry.get cb [ 200,
22 silly registry.get   { date: 'Sun, 04 May 2014 07:54:50 GMT',
22 silly registry.get     server: 'CouchDB/1.5.0 (Erlang OTP/R14B04)',
22 silly registry.get     etag: '"51ZI4QRKII175RIPWONQZ4NNF"',
22 silly registry.get     'content-type': 'application/json',
22 silly registry.get     via: '1.1 varnish',
22 silly registry.get     'cache-control': 'max-age=1',
22 silly registry.get     'content-length': '45018',
22 silly registry.get     'accept-ranges': 'bytes',
22 silly registry.get     age: '501',
22 silly registry.get     'x-served-by': 'cache-v37-ASH, cache-ty68-TYO',
22 silly registry.get     'x-cache': 'HIT, MISS',
22 silly registry.get     'x-cache-hits': '1, 0',
22 silly registry.get     'x-timer': 'S1399189588.350917101,VS0,VS91,VE276,VE501665',
22 silly registry.get     vary: 'Accept',
22 silly registry.get     'keep-alive': 'timeout=10, max=50',
22 silly registry.get     connection: 'Keep-Alive' } ]
23 silly addNameRange number 2 { name: 'supervisor', range: '*', hasData: true }
24 silly addNameRange versions [ 'supervisor',
24 silly addNameRange   [ '0.0.4',
24 silly addNameRange     '0.0.5',
24 silly addNameRange     '0.0.6',
24 silly addNameRange     '0.1.0',
24 silly addNameRange     '0.1.1',
24 silly addNameRange     '0.1.2',
24 silly addNameRange     '0.1.3',
24 silly addNameRange     '0.2.0',
24 silly addNameRange     '0.3.0',
24 silly addNameRange     '0.3.1',
24 silly addNameRange     '0.3.2',
24 silly addNameRange     '0.3.3',
24 silly addNameRange     '0.3.4',
24 silly addNameRange     '0.3.5',
24 silly addNameRange     '0.3.6',
24 silly addNameRange     '0.4.0',
24 silly addNameRange     '0.4.1',
24 silly addNameRange     '0.5.0',
24 silly addNameRange     '0.5.1',
24 silly addNameRange     '0.5.2',
24 silly addNameRange     '0.5.3',
24 silly addNameRange     '0.5.4',
24 silly addNameRange     '0.5.5',
24 silly addNameRange     '0.5.6',
24 silly addNameRange     '0.5.7',
24 silly addNameRange     '0.6.0' ] ]
25 verbose addNamed [ 'supervisor', '0.6.0' ]
26 verbose addNamed [ '0.6.0', '0.6.0' ]
27 silly lockFile 0362a428-supervisor-0-6-0 supervisor@0.6.0
28 verbose lock supervisor@0.6.0 /Users/qiudong/.npm/0362a428-supervisor-0-6-0.lock
29 silly lockFile 3607d2d5--supervisor-supervisor-0-6-0-tgz https://registry.npmjs.org/supervisor/-/supervisor-0.6.0.tgz
30 verbose lock https://registry.npmjs.org/supervisor/-/supervisor-0.6.0.tgz /Users/qiudong/.npm/3607d2d5--supervisor-supervisor-0-6-0-tgz.lock
31 verbose addRemoteTarball [ 'https://registry.npmjs.org/supervisor/-/supervisor-0.6.0.tgz',
31 verbose addRemoteTarball   'c8b965be5ae31822685f176df1f178dd5d85c332' ]
32 info retry fetch attempt 1 at 15:54:50
33 verbose fetch to= /var/folders/bw/86rgf5l57dvbct3f9z6xt9_h0000gn/T/npm-2876-bUoUbHS4/1399190090551-0.42679749452508986/tmp.tgz
34 http GET https://registry.npmjs.org/supervisor/-/supervisor-0.6.0.tgz
35 http 200 https://registry.npmjs.org/supervisor/-/supervisor-0.6.0.tgz
36 verbose tar unpack /var/folders/bw/86rgf5l57dvbct3f9z6xt9_h0000gn/T/npm-2876-bUoUbHS4/1399190090551-0.42679749452508986/tmp.tgz
37 silly lockFile 057fd42b-0551-0-42679749452508986-package tar:///var/folders/bw/86rgf5l57dvbct3f9z6xt9_h0000gn/T/npm-2876-bUoUbHS4/1399190090551-0.42679749452508986/package
38 verbose lock tar:///var/folders/bw/86rgf5l57dvbct3f9z6xt9_h0000gn/T/npm-2876-bUoUbHS4/1399190090551-0.42679749452508986/package /Users/qiudong/.npm/057fd42b-0551-0-42679749452508986-package.lock
39 silly lockFile 50070bc5-0551-0-42679749452508986-tmp-tgz tar:///var/folders/bw/86rgf5l57dvbct3f9z6xt9_h0000gn/T/npm-2876-bUoUbHS4/1399190090551-0.42679749452508986/tmp.tgz
40 verbose lock tar:///var/folders/bw/86rgf5l57dvbct3f9z6xt9_h0000gn/T/npm-2876-bUoUbHS4/1399190090551-0.42679749452508986/tmp.tgz /Users/qiudong/.npm/50070bc5-0551-0-42679749452508986-tmp-tgz.lock
41 silly gunzTarPerm modes [ '755', '644' ]
42 silly gunzTarPerm extractEntry package.json
43 silly gunzTarPerm extractEntry README.md
44 silly gunzTarPerm extractEntry LICENSE
45 silly gunzTarPerm extractEntry lib/cli-wrapper.js
46 silly gunzTarPerm extractEntry lib/supervisor.js
47 silly lockFile 057fd42b-0551-0-42679749452508986-package tar:///var/folders/bw/86rgf5l57dvbct3f9z6xt9_h0000gn/T/npm-2876-bUoUbHS4/1399190090551-0.42679749452508986/package
48 silly lockFile 057fd42b-0551-0-42679749452508986-package tar:///var/folders/bw/86rgf5l57dvbct3f9z6xt9_h0000gn/T/npm-2876-bUoUbHS4/1399190090551-0.42679749452508986/package
49 silly lockFile 50070bc5-0551-0-42679749452508986-tmp-tgz tar:///var/folders/bw/86rgf5l57dvbct3f9z6xt9_h0000gn/T/npm-2876-bUoUbHS4/1399190090551-0.42679749452508986/tmp.tgz
50 silly lockFile 50070bc5-0551-0-42679749452508986-tmp-tgz tar:///var/folders/bw/86rgf5l57dvbct3f9z6xt9_h0000gn/T/npm-2876-bUoUbHS4/1399190090551-0.42679749452508986/tmp.tgz
51 verbose tar pack [ '/Users/qiudong/.npm/supervisor/0.6.0/package.tgz',
51 verbose tar pack   '/var/folders/bw/86rgf5l57dvbct3f9z6xt9_h0000gn/T/npm-2876-bUoUbHS4/1399190090551-0.42679749452508986/package' ]
52 verbose tarball /Users/qiudong/.npm/supervisor/0.6.0/package.tgz
53 verbose folder /var/folders/bw/86rgf5l57dvbct3f9z6xt9_h0000gn/T/npm-2876-bUoUbHS4/1399190090551-0.42679749452508986/package
54 silly lockFile 057fd42b-0551-0-42679749452508986-package tar:///var/folders/bw/86rgf5l57dvbct3f9z6xt9_h0000gn/T/npm-2876-bUoUbHS4/1399190090551-0.42679749452508986/package
55 verbose lock tar:///var/folders/bw/86rgf5l57dvbct3f9z6xt9_h0000gn/T/npm-2876-bUoUbHS4/1399190090551-0.42679749452508986/package /Users/qiudong/.npm/057fd42b-0551-0-42679749452508986-package.lock
56 silly lockFile 0920d430-npm-supervisor-0-6-0-package-tgz tar:///Users/qiudong/.npm/supervisor/0.6.0/package.tgz
57 verbose lock tar:///Users/qiudong/.npm/supervisor/0.6.0/package.tgz /Users/qiudong/.npm/0920d430-npm-supervisor-0-6-0-package-tgz.lock
58 silly lockFile 057fd42b-0551-0-42679749452508986-package tar:///var/folders/bw/86rgf5l57dvbct3f9z6xt9_h0000gn/T/npm-2876-bUoUbHS4/1399190090551-0.42679749452508986/package
59 silly lockFile 057fd42b-0551-0-42679749452508986-package tar:///var/folders/bw/86rgf5l57dvbct3f9z6xt9_h0000gn/T/npm-2876-bUoUbHS4/1399190090551-0.42679749452508986/package
60 silly lockFile 0920d430-npm-supervisor-0-6-0-package-tgz tar:///Users/qiudong/.npm/supervisor/0.6.0/package.tgz
61 silly lockFile 0920d430-npm-supervisor-0-6-0-package-tgz tar:///Users/qiudong/.npm/supervisor/0.6.0/package.tgz
62 silly lockFile a46bc472-ong-npm-supervisor-0-6-0-package /Users/qiudong/.npm/supervisor/0.6.0/package
63 verbose lock /Users/qiudong/.npm/supervisor/0.6.0/package /Users/qiudong/.npm/a46bc472-ong-npm-supervisor-0-6-0-package.lock
64 silly lockFile a46bc472-ong-npm-supervisor-0-6-0-package /Users/qiudong/.npm/supervisor/0.6.0/package
65 silly lockFile a46bc472-ong-npm-supervisor-0-6-0-package /Users/qiudong/.npm/supervisor/0.6.0/package
66 verbose tar unpack /Users/qiudong/.npm/supervisor/0.6.0/package.tgz
67 silly lockFile 62ce49da-ong-npm-supervisor-0-6-0-package tar:///Users/qiudong/.npm/supervisor/0.6.0/package
68 verbose lock tar:///Users/qiudong/.npm/supervisor/0.6.0/package /Users/qiudong/.npm/62ce49da-ong-npm-supervisor-0-6-0-package.lock
69 silly lockFile 0920d430-npm-supervisor-0-6-0-package-tgz tar:///Users/qiudong/.npm/supervisor/0.6.0/package.tgz
70 verbose lock tar:///Users/qiudong/.npm/supervisor/0.6.0/package.tgz /Users/qiudong/.npm/0920d430-npm-supervisor-0-6-0-package-tgz.lock
71 silly gunzTarPerm modes [ '755', '644' ]
72 silly gunzTarPerm extractEntry package.json
73 silly gunzTarPerm extractEntry README.md
74 silly gunzTarPerm extractEntry LICENSE
75 silly gunzTarPerm extractEntry lib/cli-wrapper.js
76 silly gunzTarPerm extractEntry lib/supervisor.js
77 silly lockFile 62ce49da-ong-npm-supervisor-0-6-0-package tar:///Users/qiudong/.npm/supervisor/0.6.0/package
78 silly lockFile 62ce49da-ong-npm-supervisor-0-6-0-package tar:///Users/qiudong/.npm/supervisor/0.6.0/package
79 silly lockFile 0920d430-npm-supervisor-0-6-0-package-tgz tar:///Users/qiudong/.npm/supervisor/0.6.0/package.tgz
80 silly lockFile 0920d430-npm-supervisor-0-6-0-package-tgz tar:///Users/qiudong/.npm/supervisor/0.6.0/package.tgz
81 verbose chmod /Users/qiudong/.npm/supervisor/0.6.0/package.tgz 644
82 verbose chown /Users/qiudong/.npm/supervisor/0.6.0/package.tgz [ 501, 20 ]
83 silly lockFile 3607d2d5--supervisor-supervisor-0-6-0-tgz https://registry.npmjs.org/supervisor/-/supervisor-0.6.0.tgz
84 silly lockFile 3607d2d5--supervisor-supervisor-0-6-0-tgz https://registry.npmjs.org/supervisor/-/supervisor-0.6.0.tgz
85 silly lockFile 0362a428-supervisor-0-6-0 supervisor@0.6.0
86 silly lockFile 0362a428-supervisor-0-6-0 supervisor@0.6.0
87 silly lockFile b28163ae-supervisor supervisor@
88 silly lockFile b28163ae-supervisor supervisor@
89 silly resolved [ { name: 'supervisor',
89 silly resolved     version: '0.6.0',
89 silly resolved     description: 'A supervisor program for running nodejs programs',
89 silly resolved     author: { name: 'Isaac Z. Schlueter', email: 'i@izs.me' },
89 silly resolved     contributors:
89 silly resolved      [ [Object],
89 silly resolved        [Object],
89 silly resolved        [Object],
89 silly resolved        [Object],
89 silly resolved        [Object],
89 silly resolved        [Object],
89 silly resolved        [Object],
89 silly resolved        [Object],
89 silly resolved        [Object],
89 silly resolved        [Object],
89 silly resolved        [Object],
89 silly resolved        [Object],
89 silly resolved        [Object],
89 silly resolved        [Object],
89 silly resolved        [Object],
89 silly resolved        [Object],
89 silly resolved        [Object],
89 silly resolved        [Object],
89 silly resolved        [Object],
89 silly resolved        [Object],
89 silly resolved        [Object],
89 silly resolved        [Object],
89 silly resolved        [Object],
89 silly resolved        [Object],
89 silly resolved        [Object],
89 silly resolved        [Object] ],
89 silly resolved     repository:
89 silly resolved      { type: 'git',
89 silly resolved        url: 'git://github.com/isaacs/node-supervisor.git' },
89 silly resolved     bugs: { url: 'https://github.com/isaacs/node-supervisor/issues' },
89 silly resolved     homepage: 'https://github.com/isaacs/node-supervisor/',
89 silly resolved     main: 'lib/supervisor.js',
89 silly resolved     bin:
89 silly resolved      { 'node-supervisor': 'lib/cli-wrapper.js',
89 silly resolved        supervisor: 'lib/cli-wrapper.js' },
89 silly resolved     engines: { node: '>=0.6.0' },
89 silly resolved     preferGlobal: true,
89 silly resolved     readme: '# node-supervisor\n\nA little supervisor script for nodejs. It runs your program, and\nwatches for code changes, so you can have hot-code reloading-ish\nbehavior, without worrying about memory leaks and making sure you\nclean up all the inter-module references, and without a whole new\n`require` system.\n\n## node-supervisor -?\n\n\n    Node Supervisor is used to restart programs when they crash.\n    It can also be used to restart programs when a *.js file changes.\n\n    Usage:\n      supervisor [options] <program>\n      supervisor [options] -- <program> [args ...]\n\n    Required:\n      <program>\n        The program to run.\n\n    Options:\n      -w|--watch <watchItems>\n        A comma-delimited list of folders or js files to watch for changes.\n        When a change to a js file occurs, reload the program\n        Default is \'.\'\n\n      -i|--ignore <ignoreItems>\n        A comma-delimited list of folders to ignore for changes.\n        No default\n\n      -p|--poll-interval <milliseconds>\n        How often to poll watched files for changes.\n        Defaults to Node default.\n\n      -e|--extensions <extensions>\n        A comma-delimited list of file extensions to watch for changes.\n        Used when --watch option includes folders\n        Default is \'node,js\'\n\n      -x|--exec <executable>\n        The executable that runs the specified program.\n        Default is \'node\'\n\n      --debug\n        Start node with --debug flag.\n\n      --debug-brk\n        Start node with --debug-brk flag.\n\n      --harmony\n        Start node with --harmony flag.\n\n      -n|--no-restart-on error|exit\n        Don\'t automatically restart the supervised program if it ends.\n        Supervisor will wait for a change in the source files.\n        If "error", an exit code of 0 will still restart.\n        If "exit", no restart regardless of exit code.\n\n      --force-watch\n        Use fs.watch instead of fs.watchFile.\n        This may be useful if you see a high cpu load on a windows machine.\n\n      -h|--help|-?\n        Display these usage instructions.\n\n      -q|--quiet\n        Suppress DEBUG messages\n\n    Examples:\n      supervisor myapp.js\n      supervisor myapp.coffee\n      supervisor -w scripts -e myext -x myrunner myapp\n      supervisor -w lib,server.js,config.js server.js\n      supervisor -- server.js -h host -p port\n\n\n## Simple Install\n\nJust run:\n\n    npm install supervisor -g\n\n## Fancy Install\n\nGet this code, and then do this:\n\n    npm link\n',
89 silly resolved     readmeFilename: 'README.md',
89 silly resolved     _id: 'supervisor@0.6.0',
89 silly resolved     dist: { shasum: '43b9b728de1356059961e5e091ba3155447f7ffd' },
89 silly resolved     _from: 'supervisor@',
89 silly resolved     _resolved: 'https://registry.npmjs.org/supervisor/-/supervisor-0.6.0.tgz' } ]
90 info install supervisor@0.6.0 into /usr/local/lib
91 info installOne supervisor@0.6.0
92 info /usr/local/lib/node_modules/supervisor unbuild
93 verbose tar unpack /Users/qiudong/.npm/supervisor/0.6.0/package.tgz
94 silly lockFile 108aea87-ocal-lib-node-modules-supervisor tar:///usr/local/lib/node_modules/supervisor
95 verbose lock tar:///usr/local/lib/node_modules/supervisor /Users/qiudong/.npm/108aea87-ocal-lib-node-modules-supervisor.lock
96 silly lockFile 0920d430-npm-supervisor-0-6-0-package-tgz tar:///Users/qiudong/.npm/supervisor/0.6.0/package.tgz
97 verbose lock tar:///Users/qiudong/.npm/supervisor/0.6.0/package.tgz /Users/qiudong/.npm/0920d430-npm-supervisor-0-6-0-package-tgz.lock
98 silly gunzTarPerm modes [ '755', '644' ]
99 error Error: EACCES, mkdir '/usr/local/lib/node_modules/supervisor'
99 error  { [Error: EACCES, mkdir '/usr/local/lib/node_modules/supervisor']
99 error   errno: 3,
99 error   code: 'EACCES',
99 error   path: '/usr/local/lib/node_modules/supervisor',
99 error   fstream_type: 'Directory',
99 error   fstream_path: '/usr/local/lib/node_modules/supervisor',
99 error   fstream_class: 'DirWriter',
99 error   fstream_stack:
99 error    [ '/usr/local/lib/node_modules/npm/node_modules/fstream/lib/dir-writer.js:36:23',
99 error      '/usr/local/lib/node_modules/npm/node_modules/mkdirp/index.js:37:53',
99 error      'Object.oncomplete (fs.js:107:15)' ] }
100 error Please try running this command again as root/Administrator.
101 error System Darwin 13.1.0
102 error command "node" "/usr/local/bin/npm" "-g" "install" "supervisor"
103 error cwd /Users/qiudong/Documents/project/MARK/MARK
104 error node -v v0.10.26
105 error npm -v 1.4.3
106 error path /usr/local/lib/node_modules/supervisor
107 error fstream_path /usr/local/lib/node_modules/supervisor
108 error fstream_type Directory
109 error fstream_class DirWriter
110 error code EACCES
111 error errno 3
112 error stack Error: EACCES, mkdir '/usr/local/lib/node_modules/supervisor'
113 error fstream_stack /usr/local/lib/node_modules/npm/node_modules/fstream/lib/dir-writer.js:36:23
113 error fstream_stack /usr/local/lib/node_modules/npm/node_modules/mkdirp/index.js:37:53
113 error fstream_stack Object.oncomplete (fs.js:107:15)
114 verbose exit [ 3, true ]
